22-11-16 16:13:13.1013360 pid:19152 tid:1 sqltools Critical: 0 : An unhandled exception occurred: System.OutOfMemoryException: Exception of type 'System.OutOfMemoryException' was thrown.
   at Microsoft.SqlServer.Management.Assessment.Configuration.Json.RangeListConverter`1.ReadRanges(JsonReader reader, JsonSerializer serializer)
   at Microsoft.SqlServer.Management.Assessment.Configuration.Json.RangeListConverter`1.ReadJson(JsonReader reader, Type objectType, RangeList`1 existingValue, Boolean hasExistingValue, JsonSerializer serializer)
   at Microsoft.SqlServer.Management.Assessment.Configuration.Json.JsonConverter`1.ReadJson(JsonReader reader, Type objectType, Object existingValue, JsonSerializer serializer)
   at Newtonsoft.Json.Serialization.JsonSerializerInternalReader.DeserializeConvertable(JsonConverter converter, JsonReader reader, Type objectType, Object existingValue)
   at Newtonsoft.Json.Serialization.JsonSerializerInternalReader.ResolvePropertyAndCreatorValues(JsonObjectContract contract, JsonProperty containerProperty, JsonReader reader, Type objectType)
   at Newtonsoft.Json.Serialization.JsonSerializerInternalReader.CreateObjectUsingCreatorWithParameters(JsonReader reader, JsonObjectContract contract, JsonProperty containerProperty, ObjectConstructor`1 creator, String id)
   at Newtonsoft.Json.Serialization.JsonSerializerInternalReader.CreateNewObject(JsonReader reader, JsonObjectContract objectContract, JsonProperty containerMember, JsonProperty containerProperty, String id, Boolean& createdFromNonDefaultCreator)
   at Newtonsoft.Json.Serialization.JsonSerializerInternalReader.CreateObject(JsonReader reader, Type objectType, JsonContract contract, JsonProperty member, JsonContainerContract containerContract, JsonProperty containerMember, Object existingValue)
   at Newtonsoft.Json.Serialization.JsonSerializerInternalReader.CreateValueInternal(JsonReader reader, Type objectType, JsonContract contract, JsonProperty member, JsonContainerContract containerContract, JsonProperty containerMember, Object existingValue)
   at Newtonsoft.Json.Serialization.JsonSerializerInternalReader.Deserialize(JsonReader reader, Type objectType, Boolean checkAdditionalContent)
   at Newtonsoft.Json.Serialization.JsonSerializerProxy.DeserializeInternal(JsonReader reader, Type objectType)
   at Microsoft.SqlServer.Management.Assessment.Configuration.Json.CheckModificationConverter.ReadJson(JsonReader reader, Type objectType, CheckRule existingValue, Boolean hasExistingValue, JsonSerializer serializer)
   at Microsoft.SqlServer.Management.Assessment.Configuration.Json.JsonConverter`1.ReadJson(JsonReader reader, Type objectType, Object existingValue, JsonSerializer serializer)
   at Newtonsoft.Json.Serialization.JsonSerializerInternalReader.DeserializeConvertable(JsonConverter converter, JsonReader reader, Type objectType, Object existingValue)
   at Newtonsoft.Json.Serialization.JsonSerializerInternalReader.PopulateList(IList list, JsonReader reader, JsonArrayContract contract, JsonProperty containerProperty, String id)
   at Newtonsoft.Json.Serialization.JsonSerializerInternalReader.CreateList(JsonReader reader, Type objectType, JsonContract contract, JsonProperty member, Object existingValue, String id)
   at Newtonsoft.Json.Serialization.JsonSerializerInternalReader.CreateValueInternal(JsonReader reader, Type objectType, JsonContract contract, JsonProperty member, JsonContainerContract containerContract, JsonProperty containerMember, Object existingValue)
   at Newtonsoft.Json.Serialization.JsonSerializerInternalReader.ResolvePropertyAndCreatorValues(JsonObjectContract contract, JsonProperty containerProperty, JsonReader reader, Type objectType)
   at Newtonsoft.Json.Serialization.JsonSerializerInternalReader.CreateObjectUsingCreatorWithParameters(JsonReader reader, JsonObjectContract contract, JsonProperty containerProperty, ObjectConstructor`1 creator, String id)
   at Newtonsoft.Json.Serialization.JsonSerializerInternalReader.CreateNewObject(JsonReader reader, JsonObjectContract objectContract, JsonPro